<?xml version="1.0" encoding="UTF-8"?>
<!-- Generated by org.testng.reporters.JUnitXMLReporter -->
<testsuite ignored="0" hostname="DESKTOP-5B2Q11L" failures="1" tests="1" name="Test" time="21.07" errors="0" timestamp="2023-05-17T15:05:26 IST">
  <testcase classname="io.cucumber.testng.AbstractTestNGCucumberTests" name="runScenario" time="19.133">
    <failure type="java.lang.AssertionError" message="The following asserts failed:
	expected [OrangeHR] but found [OrangeHRM]">
      <![CDATA[java.lang.AssertionError: The following asserts failed:
expected [OrangeHR] but found [OrangeHRM]
at com.cucumber.stepDefinition.stepDefinition.teardown(stepDefinition.java:37)
... Removed 2 stack frames]]>
    </failure>
  </testcase> <!-- runScenario -->
</testsuite> <!-- Test -->
