<?xml version="1.0" encoding="UTF-8"?>
<!-- Generated by org.testng.reporters.JUnitReportReporter -->
<testsuite hostname="DESKTOP-5B2Q11L" failures="1" tests="1" name="com.cucumber.runner.TestRunner" time="19.133" errors="0" timestamp="2023-05-17T15:05:26 IST" skipped="0">
  <testcase classname="com.cucumber.runner.TestRunner" name="runScenario" time="19.133">
    <failure message="The following asserts failed:
	expected [OrangeHR] but found [OrangeHRM]" type="java.lang.AssertionError">
      <![CDATA[java.lang.AssertionError: The following asserts failed:
expected [OrangeHR] but found [OrangeHRM]
at org.testng.asserts.SoftAssert.assertAll(SoftAssert.java:47)
at org.testng.asserts.SoftAssert.assertAll(SoftAssert.java:31)
at com.cucumber.stepDefinition.stepDefinition.teardown(stepDefinition.java:37)
]]>
    </failure>
  </testcase> <!-- runScenario -->
  <system-out/>
</testsuite> <!-- com.cucumber.runner.TestRunner -->
